<?xml version="1.0" encoding="UTF-8"?>
<!-- Generated by org.testng.reporters.JUnitReportReporter -->
<testsuite hostname="gmti-cvg-103047" name="com.dealchicken.smokeconsumertestscripts.TC009_NormalPurchaseBySignIn" tests="1" failures="1" timestamp="6 Jan 2014 21:13:18 GMT" time="0.000" errors="0">
  <testcase name="TC009_NormalPurchaseBySignIn" time="0.000" classname="com.dealchicken.smokeconsumertestscripts.TC009_NormalPurchaseBySignIn">
    <failure type="java.lang.IllegalArgumentException" message="key can&#039;t be empty">
      <![CDATA[java.lang.IllegalArgumentException: key can't be empty
	at java.lang.System.checkKey(Unknown Source)
	at java.lang.System.getProperty(Unknown Source)
	at com.dealchicken.libraries.Browser.RunAutoit(Browser.java:201)
	at com.dealchicken.libraries.Browser.open(Browser.java:62)
	at com.dealchicken.libraries.TestBase.Start(TestBase.java:14)
	at sun.reflect.NativeMethodAccessorImpl.invoke0(Native Method)
	at sun.reflect.NativeMethodAccessorImpl.invoke(Unknown Source)
	at sun.reflect.DelegatingMethodAccessorImpl.invoke(Unknown Source)
	at java.lang.reflect.Method.invoke(Unknown Source)
	at org.testng.internal.MethodInvocationHelper.invokeMethod(MethodInvocationHelper.java:84)
	at org.testng.internal.Invoker.invokeConfigurationMethod(Invoker.java:564)
	at org.testng.internal.Invoker.invokeConfigurations(Invoker.java:213)
	at org.testng.internal.Invoker.invokeMethod(Invoker.java:653)
	at org.testng.internal.Invoker.invokeTestMethod(Invoker.java:901)
	at org.testng.internal.Invoker.invokeTestMethods(Invoker.java:1231)
	at org.testng.internal.TestMethodWorker.invokeTestMethods(TestMethodWorker.java:127)
	at org.testng.internal.TestMethodWorker.run(TestMethodWorker.java:111)
	at org.testng.TestRunner.privateRun(TestRunner.java:767)
	at org.testng.TestRunner.run(TestRunner.java:617)
	at org.testng.SuiteRunner.runTest(SuiteRunner.java:334)
	at org.testng.SuiteRunner.runSequentially(SuiteRunner.java:329)
	at org.testng.SuiteRunner.privateRun(SuiteRunner.java:291)
	at org.testng.SuiteRunner.run(SuiteRunner.java:240)
	at org.testng.SuiteRunnerWorker.runSuite(SuiteRunnerWorker.java:52)
	at org.testng.SuiteRunnerWorker.run(SuiteRunnerWorker.java:86)
	at org.testng.TestNG.runSuitesSequentially(TestNG.java:1224)
	at org.testng.TestNG.runSuitesLocally(TestNG.java:1149)
	at org.testng.TestNG.run(TestNG.java:1057)
	at com.dealchicken.driver.MainDriver.main(MainDriver.java:39)
]]>
    </failure>
  </testcase> <!-- TC009_NormalPurchaseBySignIn -->
</testsuite> <!-- com.dealchicken.smokeconsumertestscripts.TC009_NormalPurchaseBySignIn -->
